[0;34m[2025-07-28 18:48:06] å¼€å§‹æ„å»º next-api...[0m
npm warn EBADENGINE Unsupported engine {
npm warn EBADENGINE   package: 'next-api@0.1.0',
npm warn EBADENGINE   required: { node: '^20.0.0', npm: '^9.0.0' },
npm warn EBADENGINE   current: { node: 'v21.7.3', npm: '10.8.3' }
npm warn EBADENGINE }
npm warn EBADENGINE Unsupported engine {
npm warn EBADENGINE   package: '@jest/console@30.0.5',
npm warn EBADENGINE   required: { node: '^18.14.0 || ^20.0.0 || ^22.0.0 || >=24.0.0' },
npm warn EBADENGINE   current: { node: 'v21.7.3', npm: '10.8.3' }
npm warn EBADENGINE }
npm warn EBADENGINE Unsupported engine {
npm warn EBADENGINE   package: '@jest/core@30.0.5',
npm warn EBADENGINE   required: { node: '^18.14.0 || ^20.0.0 || ^22.0.0 || >=24.0.0' },
npm warn EBADENGINE   current: { node: 'v21.7.3', npm: '10.8.3' }
npm warn EBADENGINE }
npm warn EBADENGINE Unsupported engine {
npm warn EBADENGINE   package: 'jest-config@30.0.5',
npm warn EBADENGINE   required: { node: '^18.14.0 || ^20.0.0 || ^22.0.0 || >=24.0.0' },
npm warn EBADENGINE   current: { node: 'v21.7.3', npm: '10.8.3' }
npm warn EBADENGINE }
npm warn EBADENGINE Unsupported engine {
npm warn EBADENGINE   package: 'pretty-format@30.0.5',
npm warn EBADENGINE   required: { node: '^18.14.0 || ^20.0.0 || ^22.0.0 || >=24.0.0' },
npm warn EBADENGINE   current: { node: 'v21.7.3', npm: '10.8.3' }
npm warn EBADENGINE }
npm warn EBADENGINE Unsupported engine {
npm warn EBADENGINE   package: '@jest/diff-sequences@30.0.1',
npm warn EBADENGINE   required: { node: '^18.14.0 || ^20.0.0 || ^22.0.0 || >=24.0.0' },
npm warn EBADENGINE   current: { node: 'v21.7.3', npm: '10.8.3' }
npm warn EBADENGINE }
npm warn EBADENGINE Unsupported engine {
npm warn EBADENGINE   package: '@jest/environment@30.0.5',
npm warn EBADENGINE   required: { node: '^18.14.0 || ^20.0.0 || ^22.0.0 || >=24.0.0' },
npm warn EBADENGINE   current: { node: 'v21.7.3', npm: '10.8.3' }
npm warn EBADENGINE }
npm warn EBADENGINE Unsupported engine {
npm warn EBADENGINE   package: '@jest/environment-jsdom-abstract@30.0.5',
npm warn EBADENGINE   required: { node: '^18.14.0 || ^20.0.0 || ^22.0.0 || >=24.0.0' },
npm warn EBADENGINE   current: { node: 'v21.7.3', npm: '10.8.3' }
npm warn EBADENGINE }
npm warn EBADENGINE Unsupported engine {
npm warn EBADENGINE   package: '@jest/expect@30.0.5',
npm warn EBADENGINE   required: { node: '^18.14.0 || ^20.0.0 || ^22.0.0 || >=24.0.0' },
npm warn EBADENGINE   current: { node: 'v21.7.3', npm: '10.8.3' }
npm warn EBADENGINE }
npm warn EBADENGINE Unsupported engine {
npm warn EBADENGINE   package: '@jest/expect-utils@30.0.5',
npm warn EBADENGINE   required: { node: '^18.14.0 || ^20.0.0 || ^22.0.0 || >=24.0.0' },
npm warn EBADENGINE   current: { node: 'v21.7.3', npm: '10.8.3' }
npm warn EBADENGINE }
npm warn EBADENGINE Unsupported engine {
npm warn EBADENGINE   package: '@jest/fake-timers@30.0.5',
npm warn EBADENGINE   required: { node: '^18.14.0 || ^20.0.0 || ^22.0.0 || >=24.0.0' },
npm warn EBADENGINE   current: { node: 'v21.7.3', npm: '10.8.3' }
npm warn EBADENGINE }
npm warn EBADENGINE Unsupported engine {
npm warn EBADENGINE   package: '@jest/get-type@30.0.1',
npm warn EBADENGINE   required: { node: '^18.14.0 || ^20.0.0 || ^22.0.0 || >=24.0.0' },
npm warn EBADENGINE   current: { node: 'v21.7.3', npm: '10.8.3' }
npm warn EBADENGINE }
npm warn EBADENGINE Unsupported engine {
npm warn EBADENGINE   package: '@jest/globals@30.0.5',
npm warn EBADENGINE   required: { node: '^18.14.0 || ^20.0.0 || ^22.0.0 || >=24.0.0' },
npm warn EBADENGINE   current: { node: 'v21.7.3', npm: '10.8.3' }
npm warn EBADENGINE }
npm warn EBADENGINE Unsupported engine {
npm warn EBADENGINE   package: '@jest/pattern@30.0.1',
npm warn EBADENGINE   required: { node: '^18.14.0 || ^20.0.0 || ^22.0.0 || >=24.0.0' },
npm warn EBADENGINE   current: { node: 'v21.7.3', npm: '10.8.3' }
npm warn EBADENGINE }
npm warn EBADENGINE Unsupported engine {
npm warn EBADENGINE   package: '@jest/reporters@30.0.5',
npm warn EBADENGINE   required: { node: '^18.14.0 || ^20.0.0 || ^22.0.0 || >=24.0.0' },
npm warn EBADENGINE   current: { node: 'v21.7.3', npm: '10.8.3' }
npm warn EBADENGINE }
npm warn EBADENGINE Unsupported engine {
npm warn EBADENGINE   package: 'jest-worker@30.0.5',
npm warn EBADENGINE   required: { node: '^18.14.0 || ^20.0.0 || ^22.0.0 || >=24.0.0' },
npm warn EBADENGINE   current: { node: 'v21.7.3', npm: '10.8.3' }
npm warn EBADENGINE }
npm warn EBADENGINE Unsupported engine {
npm warn EBADENGINE   package: '@jest/schemas@30.0.5',
npm warn EBADENGINE   required: { node: '^18.14.0 || ^20.0.0 || ^22.0.0 || >=24.0.0' },
npm warn EBADENGINE   current: { node: 'v21.7.3', npm: '10.8.3' }
npm warn EBADENGINE }
npm warn EBADENGINE Unsupported engine {
npm warn EBADENGINE   package: '@jest/snapshot-utils@30.0.5',
npm warn EBADENGINE   required: { node: '^18.14.0 || ^20.0.0 || ^22.0.0 || >=24.0.0' },
npm warn EBADENGINE   current: { node: 'v21.7.3', npm: '10.8.3' }
npm warn EBADENGINE }
npm warn EBADENGINE Unsupported engine {
npm warn EBADENGINE   package: '@jest/source-map@30.0.1',
npm warn EBADENGINE   required: { node: '^18.14.0 || ^20.0.0 || ^22.0.0 || >=24.0.0' },
npm warn EBADENGINE   current: { node: 'v21.7.3', npm: '10.8.3' }
npm warn EBADENGINE }
npm warn EBADENGINE Unsupported engine {
npm warn EBADENGINE   package: '@jest/test-result@30.0.5',
npm warn EBADENGINE   required: { node: '^18.14.0 || ^20.0.0 || ^22.0.0 || >=24.0.0' },
npm warn EBADENGINE   current: { node: 'v21.7.3', npm: '10.8.3' }
npm warn EBADENGINE }
npm warn EBADENGINE Unsupported engine {
npm warn EBADENGINE   package: '@jest/test-sequencer@30.0.5',
npm warn EBADENGINE   required: { node: '^18.14.0 || ^20.0.0 || ^22.0.0 || >=24.0.0' },
npm warn EBADENGINE   current: { node: 'v21.7.3', npm: '10.8.3' }
npm warn EBADENGINE }
npm warn EBADENGINE Unsupported engine {
npm warn EBADENGINE   package: '@jest/transform@30.0.5',
npm warn EBADENGINE   required: { node: '^18.14.0 || ^20.0.0 || ^22.0.0 || >=24.0.0' },
npm warn EBADENGINE   current: { node: 'v21.7.3', npm: '10.8.3' }
npm warn EBADENGINE }
npm warn EBADENGINE Unsupported engine {
npm warn EBADENGINE   package: '@jest/types@30.0.5',
npm warn EBADENGINE   required: { node: '^18.14.0 || ^20.0.0 || ^22.0.0 || >=24.0.0' },
npm warn EBADENGINE   current: { node: 'v21.7.3', npm: '10.8.3' }
npm warn EBADENGINE }
npm warn EBADENGINE Unsupported engine {
npm warn EBADENGINE   package: 'babel-jest@30.0.5',
npm warn EBADENGINE   required: { node: '^18.14.0 || ^20.0.0 || ^22.0.0 || >=24.0.0' },
npm warn EBADENGINE   current: { node: 'v21.7.3', npm: '10.8.3' }
npm warn EBADENGINE }
npm warn EBADENGINE Unsupported engine {
npm warn EBADENGINE   package: 'babel-plugin-jest-hoist@30.0.1',
npm warn EBADENGINE   required: { node: '^18.14.0 || ^20.0.0 || ^22.0.0 || >=24.0.0' },
npm warn EBADENGINE   current: { node: 'v21.7.3', npm: '10.8.3' }
npm warn EBADENGINE }
npm warn EBADENGINE Unsupported engine {
npm warn EBADENGINE   package: 'babel-preset-jest@30.0.1',
npm warn EBADENGINE   required: { node: '^18.14.0 || ^20.0.0 || ^22.0.0 || >=24.0.0' },
npm warn EBADENGINE   current: { node: 'v21.7.3', npm: '10.8.3' }
npm warn EBADENGINE }
npm warn EBADENGINE Unsupported engine {
npm warn EBADENGINE   package: 'expect@30.0.5',
npm warn EBADENGINE   required: { node: '^18.14.0 || ^20.0.0 || ^22.0.0 || >=24.0.0' },
npm warn EBADENGINE   current: { node: 'v21.7.3', npm: '10.8.3' }
npm warn EBADENGINE }
npm warn EBADENGINE Unsupported engine {
npm warn EBADENGINE   package: 'jest@30.0.5',
npm warn EBADENGINE   required: { node: '^18.14.0 || ^20.0.0 || ^22.0.0 || >=24.0.0' },
npm warn EBADENGINE   current: { node: 'v21.7.3', npm: '10.8.3' }
npm warn EBADENGINE }
npm warn EBADENGINE Unsupported engine {
npm warn EBADENGINE   package: 'jest-changed-files@30.0.5',
npm warn EBADENGINE   required: { node: '^18.14.0 || ^20.0.0 || ^22.0.0 || >=24.0.0' },
npm warn EBADENGINE   current: { node: 'v21.7.3', npm: '10.8.3' }
npm warn EBADENGINE }
npm warn EBADENGINE Unsupported engine {
npm warn EBADENGINE   package: 'jest-circus@30.0.5',
npm warn EBADENGINE   required: { node: '^18.14.0 || ^20.0.0 || ^22.0.0 || >=24.0.0' },
npm warn EBADENGINE   current: { node: 'v21.7.3', npm: '10.8.3' }
npm warn EBADENGINE }
npm warn EBADENGINE Unsupported engine {
npm warn EBADENGINE   package: 'pretty-format@30.0.5',
npm warn EBADENGINE   required: { node: '^18.14.0 || ^20.0.0 || ^22.0.0 || >=24.0.0' },
npm warn EBADENGINE   current: { node: 'v21.7.3', npm: '10.8.3' }
npm warn EBADENGINE }
npm warn EBADENGINE Unsupported engine {
npm warn EBADENGINE   package: 'jest-cli@30.0.5',
npm warn EBADENGINE   required: { node: '^18.14.0 || ^20.0.0 || ^22.0.0 || >=24.0.0' },
npm warn EBADENGINE   current: { node: 'v21.7.3', npm: '10.8.3' }
npm warn EBADENGINE }
npm warn EBADENGINE Unsupported engine {
npm warn EBADENGINE   package: 'jest-config@30.0.5',
npm warn EBADENGINE   required: { node: '^18.14.0 || ^20.0.0 || ^22.0.0 || >=24.0.0' },
npm warn EBADENGINE   current: { node: 'v21.7.3', npm: '10.8.3' }
npm warn EBADENGINE }
npm warn EBADENGINE Unsupported engine {
npm warn EBADENGINE   package: 'pretty-format@30.0.5',
npm warn EBADENGINE   required: { node: '^18.14.0 || ^20.0.0 || ^22.0.0 || >=24.0.0' },
npm warn EBADENGINE   current: { node: 'v21.7.3', npm: '10.8.3' }
npm warn EBADENGINE }
npm warn EBADENGINE Unsupported engine {
npm warn EBADENGINE   package: 'jest-diff@30.0.5',
npm warn EBADENGINE   required: { node: '^18.14.0 || ^20.0.0 || ^22.0.0 || >=24.0.0' },
npm warn EBADENGINE   current: { node: 'v21.7.3', npm: '10.8.3' }
npm warn EBADENGINE }
npm warn EBADENGINE Unsupported engine {
npm warn EBADENGINE   package: 'pretty-format@30.0.5',
npm warn EBADENGINE   required: { node: '^18.14.0 || ^20.0.0 || ^22.0.0 || >=24.0.0' },
npm warn EBADENGINE   current: { node: 'v21.7.3', npm: '10.8.3' }
npm warn EBADENGINE }
npm warn EBADENGINE Unsupported engine {
npm warn EBADENGINE   package: 'jest-docblock@30.0.1',
npm warn EBADENGINE   required: { node: '^18.14.0 || ^20.0.0 || ^22.0.0 || >=24.0.0' },
npm warn EBADENGINE   current: { node: 'v21.7.3', npm: '10.8.3' }
npm warn EBADENGINE }
npm warn EBADENGINE Unsupported engine {
npm warn EBADENGINE   package: 'jest-each@30.0.5',
npm warn EBADENGINE   required: { node: '^18.14.0 || ^20.0.0 || ^22.0.0 || >=24.0.0' },
npm warn EBADENGINE   current: { node: 'v21.7.3', npm: '10.8.3' }
npm warn EBADENGINE }
npm warn EBADENGINE Unsupported engine {
npm warn EBADENGINE   package: 'pretty-format@30.0.5',
npm warn EBADENGINE   required: { node: '^18.14.0 || ^20.0.0 || ^22.0.0 || >=24.0.0' },
npm warn EBADENGINE   current: { node: 'v21.7.3', npm: '10.8.3' }
npm warn EBADENGINE }
npm warn EBADENGINE Unsupported engine {
npm warn EBADENGINE   package: 'jest-environment-jsdom@30.0.5',
npm warn EBADENGINE   required: { node: '^18.14.0 || ^20.0.0 || ^22.0.0 || >=24.0.0' },
npm warn EBADENGINE   current: { node: 'v21.7.3', npm: '10.8.3' }
npm warn EBADENGINE }
npm warn EBADENGINE Unsupported engine {
npm warn EBADENGINE   package: 'jest-environment-node@30.0.5',
npm warn EBADENGINE   required: { node: '^18.14.0 || ^20.0.0 || ^22.0.0 || >=24.0.0' },
npm warn EBADENGINE   current: { node: 'v21.7.3', npm: '10.8.3' }
npm warn EBADENGINE }
npm warn EBADENGINE Unsupported engine {
npm warn EBADENGINE   package: 'jest-haste-map@30.0.5',
npm warn EBADENGINE   required: { node: '^18.14.0 || ^20.0.0 || ^22.0.0 || >=24.0.0' },
npm warn EBADENGINE   current: { node: 'v21.7.3', npm: '10.8.3' }
npm warn EBADENGINE }
npm warn EBADENGINE Unsupported engine {
npm warn EBADENGINE   package: 'jest-worker@30.0.5',
npm warn EBADENGINE   required: { node: '^18.14.0 || ^20.0.0 || ^22.0.0 || >=24.0.0' },
npm warn EBADENGINE   current: { node: 'v21.7.3', npm: '10.8.3' }
npm warn EBADENGINE }
npm warn EBADENGINE Unsupported engine {
npm warn EBADENGINE   package: 'jest-leak-detector@30.0.5',
npm warn EBADENGINE   required: { node: '^18.14.0 || ^20.0.0 || ^22.0.0 || >=24.0.0' },
npm warn EBADENGINE   current: { node: 'v21.7.3', npm: '10.8.3' }
npm warn EBADENGINE }
npm warn EBADENGINE Unsupported engine {
npm warn EBADENGINE   package: 'pretty-format@30.0.5',
npm warn EBADENGINE   required: { node: '^18.14.0 || ^20.0.0 || ^22.0.0 || >=24.0.0' },
npm warn EBADENGINE   current: { node: 'v21.7.3', npm: '10.8.3' }
npm warn EBADENGINE }
npm warn EBADENGINE Unsupported engine {
npm warn EBADENGINE   package: 'jest-matcher-utils@30.0.5',
npm warn EBADENGINE   required: { node: '^18.14.0 || ^20.0.0 || ^22.0.0 || >=24.0.0' },
npm warn EBADENGINE   current: { node: 'v21.7.3', npm: '10.8.3' }
npm warn EBADENGINE }
npm warn EBADENGINE Unsupported engine {
npm warn EBADENGINE   package: 'pretty-format@30.0.5',
npm warn EBADENGINE   required: { node: '^18.14.0 || ^20.0.0 || ^22.0.0 || >=24.0.0' },
npm warn EBADENGINE   current: { node: 'v21.7.3', npm: '10.8.3' }
npm warn EBADENGINE }
npm warn EBADENGINE Unsupported engine {
npm warn EBADENGINE   package: 'jest-message-util@30.0.5',
npm warn EBADENGINE   required: { node: '^18.14.0 || ^20.0.0 || ^22.0.0 || >=24.0.0' },
npm warn EBADENGINE   current: { node: 'v21.7.3', npm: '10.8.3' }
npm warn EBADENGINE }
npm warn EBADENGINE Unsupported engine {
npm warn EBADENGINE   package: 'pretty-format@30.0.5',
npm warn EBADENGINE   required: { node: '^18.14.0 || ^20.0.0 || ^22.0.0 || >=24.0.0' },
npm warn EBADENGINE   current: { node: 'v21.7.3', npm: '10.8.3' }
npm warn EBADENGINE }
npm warn EBADENGINE Unsupported engine {
npm warn EBADENGINE   package: 'jest-mock@30.0.5',
npm warn EBADENGINE   required: { node: '^18.14.0 || ^20.0.0 || ^22.0.0 || >=24.0.0' },
npm warn EBADENGINE   current: { node: 'v21.7.3', npm: '10.8.3' }
npm warn EBADENGINE }
npm warn EBADENGINE Unsupported engine {
npm warn EBADENGINE   package: 'jest-regex-util@30.0.1',
npm warn EBADENGINE   required: { node: '^18.14.0 || ^20.0.0 || ^22.0.0 || >=24.0.0' },
npm warn EBADENGINE   current: { node: 'v21.7.3', npm: '10.8.3' }
npm warn EBADENGINE }
npm warn EBADENGINE Unsupported engine {
npm warn EBADENGINE   package: 'jest-resolve@30.0.5',
npm warn EBADENGINE   required: { node: '^18.14.0 || ^20.0.0 || ^22.0.0 || >=24.0.0' },
npm warn EBADENGINE   current: { node: 'v21.7.3', npm: '10.8.3' }
npm warn EBADENGINE }
npm warn EBADENGINE Unsupported engine {
npm warn EBADENGINE   package: 'jest-resolve-dependencies@30.0.5',
npm warn EBADENGINE   required: { node: '^18.14.0 || ^20.0.0 || ^22.0.0 || >=24.0.0' },
npm warn EBADENGINE   current: { node: 'v21.7.3', npm: '10.8.3' }
npm warn EBADENGINE }
npm warn EBADENGINE Unsupported engine {
npm warn EBADENGINE   package: 'jest-runner@30.0.5',
npm warn EBADENGINE   required: { node: '^18.14.0 || ^20.0.0 || ^22.0.0 || >=24.0.0' },
npm warn EBADENGINE   current: { node: 'v21.7.3', npm: '10.8.3' }
npm warn EBADENGINE }
npm warn EBADENGINE Unsupported engine {
npm warn EBADENGINE   package: 'jest-worker@30.0.5',
npm warn EBADENGINE   required: { node: '^18.14.0 || ^20.0.0 || ^22.0.0 || >=24.0.0' },
npm warn EBADENGINE   current: { node: 'v21.7.3', npm: '10.8.3' }
npm warn EBADENGINE }
npm warn EBADENGINE Unsupported engine {
npm warn EBADENGINE   package: 'jest-runtime@30.0.5',
npm warn EBADENGINE   required: { node: '^18.14.0 || ^20.0.0 || ^22.0.0 || >=24.0.0' },
npm warn EBADENGINE   current: { node: 'v21.7.3', npm: '10.8.3' }
npm warn EBADENGINE }
npm warn EBADENGINE Unsupported engine {
npm warn EBADENGINE   package: 'jest-snapshot@30.0.5',
npm warn EBADENGINE   required: { node: '^18.14.0 || ^20.0.0 || ^22.0.0 || >=24.0.0' },
npm warn EBADENGINE   current: { node: 'v21.7.3', npm: '10.8.3' }
npm warn EBADENGINE }
npm warn EBADENGINE Unsupported engine {
npm warn EBADENGINE   package: 'pretty-format@30.0.5',
npm warn EBADENGINE   required: { node: '^18.14.0 || ^20.0.0 || ^22.0.0 || >=24.0.0' },
npm warn EBADENGINE   current: { node: 'v21.7.3', npm: '10.8.3' }
npm warn EBADENGINE }
npm warn EBADENGINE Unsupported engine {
npm warn EBADENGINE   package: 'jest-util@30.0.5',
npm warn EBADENGINE   required: { node: '^18.14.0 || ^20.0.0 || ^22.0.0 || >=24.0.0' },
npm warn EBADENGINE   current: { node: 'v21.7.3', npm: '10.8.3' }
npm warn EBADENGINE }
npm warn EBADENGINE Unsupported engine {
npm warn EBADENGINE   package: 'jest-validate@30.0.5',
npm warn EBADENGINE   required: { node: '^18.14.0 || ^20.0.0 || ^22.0.0 || >=24.0.0' },
npm warn EBADENGINE   current: { node: 'v21.7.3', npm: '10.8.3' }
npm warn EBADENGINE }
npm warn EBADENGINE Unsupported engine {
npm warn EBADENGINE   package: 'pretty-format@30.0.5',
npm warn EBADENGINE   required: { node: '^18.14.0 || ^20.0.0 || ^22.0.0 || >=24.0.0' },
npm warn EBADENGINE   current: { node: 'v21.7.3', npm: '10.8.3' }
npm warn EBADENGINE }
npm warn EBADENGINE Unsupported engine {
npm warn EBADENGINE   package: 'jest-watcher@30.0.5',
npm warn EBADENGINE   required: { node: '^18.14.0 || ^20.0.0 || ^22.0.0 || >=24.0.0' },
npm warn EBADENGINE   current: { node: 'v21.7.3', npm: '10.8.3' }
npm warn EBADENGINE }

up to date in 584ms

75 packages are looking for funding
  run `npm fund` for details

> next-api@0.1.0 build
> next build

   â–² Next.js 14.0.4
   - Environments: .env
   - Experiments (use at your own risk):
     Â· instrumentationHook

   Creating an optimized production build ...
   Disabled SWC as replacement for Babel because of custom Babel configuration "babel.config.js" https://nextjs.org/docs/messages/swc-disabled
   Using external babel configuration from /Users/maxiangan/Desktop/project/next_vite/next-api/babel.config.js
<w> [webpack.cache.PackFileCacheStrategy] Serializing big strings (155kiB) impacts deserialization performance (consider using Buffer instead and decode when needed)
<w> [webpack.cache.PackFileCacheStrategy] Serializing big strings (139kiB) impacts deserialization performance (consider using Buffer instead and decode when needed)
<w> [webpack.cache.PackFileCacheStrategy] Serializing big strings (138kiB) impacts deserialization performance (consider using Buffer instead and decode when needed)
 âœ“ Compiled successfully
   Linting and checking validity of types ...
   Collecting page data ...
   Generating static pages (0/10) ...
   Generating static pages (2/10) 
Fetching fresh data...
   Generating static pages (4/10) 
   Generating static pages (7/10) 
 âœ“ Generating static pages (10/10) 
   Finalizing page optimization ...
   Collecting build traces ...

Route (app)                              Size     First Load JS
â”Œ â—‹ /                                    311 B           176 kB
â”œ â—‹ /_not-found                          1.09 kB         177 kB
â”œ â—‹ /api                                 0 B                0 B
â”œ Î» /api/cache-revalidate                0 B                0 B
â”œ â—‹ /api/cache-unstable                  0 B                0 B
â”œ Î» /api/init-data                       0 B                0 B
â”œ Î» /api/login                           0 B                0 B
â”œ Î» /api/user                            0 B                0 B
â”” â—‹ /streaming                           310 B           176 kB
+ First Load JS shared by all            175 kB
  â”œ chunks/924-7e049f0a899da51c.js       119 kB
  â”œ chunks/fd9d1056-f1f17af8f0f2f07f.js  53.4 kB
  â”œ chunks/main-app-6a266b5417d5a541.js  687 B
  â”” chunks/webpack-fee8d1f5e6ca0197.js   1.89 kB


Æ’ Middleware                             92 kB

â—‹  (Static)   prerendered as static content
Î»  (Dynamic)  server-rendered on demand using Node.js

[0;32m[2025-07-28 18:48:44] next-api æ„å»ºæˆåŠŸï¼[0m
